<?xml version="1.0" encoding="UTF-8"?>
<!-- Generated by org.testng.reporters.JUnitReportReporter -->
<testsuite hostname="LAPTOP-B2STEMNG" failures="0" tests="2" name="demoTestNG2.demoAssertion" time="70.855" errors="0" timestamp="2024-11-12T11:32:36 IST" skipped="0">
  <testcase classname="demoTestNG2.demoAssertion" name="f" time="2.668"/>
  <system-out/>
  <testcase classname="demoTestNG2.demoAssertion" name="sauce" time="68.187"/>
  <system-out/>
</testsuite> <!-- demoTestNG2.demoAssertion -->
