<?xml version="1.0" encoding="UTF-8"?>
<!-- Generated by org.testng.reporters.JUnitReportReporter -->
<testsuite hostname="LAPTOP-B2STEMNG" failures="0" tests="2" name="demoTestNG.demoAnnotationPriority" time="0.018" errors="0" timestamp="2024-11-11T10:45:09 IST" skipped="0">
  <testcase classname="demoTestNG.demoAnnotationPriority" name="a" time="0.015"/>
  <system-out/>
  <testcase classname="demoTestNG.demoAnnotationPriority" name="c" time="0.003"/>
  <system-out/>
</testsuite> <!-- demoTestNG.demoAnnotationPriority -->
