<?xml version="1.0" encoding="UTF-8"?>
<!-- Generated by org.testng.reporters.JUnitReportReporter -->
<testsuite hostname="LAPTOP-B2STEMNG" failures="0" tests="1" name="demoTestNG.demoAnnotations" time="0.011" errors="0" timestamp="2024-11-11T10:32:00 IST" skipped="0">
  <testcase classname="demoTestNG.demoAnnotations" name="f" time="0.011"/>
  <system-out/>
</testsuite> <!-- demoTestNG.demoAnnotations -->
