<?xml version="1.0" encoding="UTF-8"?>
<!-- Generated by org.testng.reporters.JUnitReportReporter -->
<testsuite hostname="LAPTOP-B2STEMNG" failures="0" tests="3" name="demoTestNG2.demoDataProvider" time="33.066" errors="0" timestamp="2024-11-12T11:32:36 IST" skipped="0">
  <testcase classname="demoTestNG2.demoDataProvider" name="f" time="14.453"/>
  <system-out/>
  <testcase classname="demoTestNG2.demoDataProvider" name="f" time="9.010"/>
  <system-out/>
  <testcase classname="demoTestNG2.demoDataProvider" name="f" time="9.603"/>
  <system-out/>
</testsuite> <!-- demoTestNG2.demoDataProvider -->
