<?xml version="1.0" encoding="UTF-8"?>
<!-- Generated by org.testng.reporters.JUnitReportReporter -->
<testsuite hostname="LAPTOP-B2STEMNG" failures="0" tests="1" name="demoTestNG.demoSauce3" time="4.410" errors="0" timestamp="2024-11-11T11:33:22 IST" skipped="0">
  <testcase classname="demoTestNG.demoSauce3" name="login" time="4.410"/>
  <system-out/>
</testsuite> <!-- demoTestNG.demoSauce3 -->
